<?xml version='1.0' encoding='UTF-8'?>
<testsuite hostname="Jz-ThinkPad" name="dinocpu.ALUControlTesterLab2" tests="1" errors="0" failures="0" skipped="0" time="2.972" timestamp="2020-03-29T15:13:21">
                     <properties>
[...]
</properties>
                     <testcase classname="dinocpu.ALUControlTesterLab2" name="ALUControl should match expectations for each intruction type" time="2.972">
                                                 
                                               </testcase>
                     <system-out><![CDATA[]]></system-out>
                     <system-err><![CDATA[]]></system-err>
                   </testsuite>