<?xml version='1.0' encoding='UTF-8'?>
<testsuite hostname="Jz-ThinkPad" name="dinocpu.test.PipelinedBPTakenCPUTester" tests="25" errors="0" failures="25" skipped="0" time="6.538" timestamp="2020-03-29T15:30:55">
                     <properties>
[...]
</properties>
                     <testcase classname="dinocpu.test.PipelinedBPTakenCPUTester" name="Pipelined CPU with always-taken branch predictor should run branch beq-False" time="0.243">
                                                 <failure message="
firrtl.passes.CheckInitialization$RefNotInitializedException:  : [module PipelinedCPUBP]  Reference io is not fully initialized.
   : io.dmem.address &lt;= VOID
firrtl.passes.CheckInitialization$RefNotInitializedException:  : [module PipelinedCPUBP]  Reference io is not fully initialized.
   : io.dmem.maskmode &lt;= VOID
firrtl.passes.CheckInitialization$RefNotInitializedException:  : [module PipelinedCPUBP]  Reference io is not fully initialized.
   : io.dmem.valid &lt;= VOID
firrtl.passes.CheckInitialization$RefNotInitializedException:  : [module PipelinedCPUBP]  Reference io is not fully initialized.
   : io.imem.address &lt;= VOID
firrtl.passes.CheckInitialization$RefNotInitializedException:  : [module PipelinedCPUBP]  Reference io is not fully initialized.
   : io.dmem.writedata &lt;= VOID
firrtl.passes.CheckInitialization$RefNotInitializedException:  : [module PipelinedCPUBP]  Reference io is not fully initialized.
   : io.imem.valid &lt;= VOID
firrtl.passes.CheckInitialization$RefNotInitializedException:  : [module PipelinedCPUBP]  Reference io is not fully initialized.
   : io.dmem.memwrite &lt;= VOID
firrtl.passes.CheckInitialization$RefNotInitializedException:  : [module PipelinedCPUBP]  Reference io is not fully initialized.
   : io.dmem.sext &lt;= VOID
firrtl.passes.CheckInitialization$RefNotInitializedException:  : [module PipelinedCPUBP]  Reference io is not fully initialized.
   : io.dmem.memread &lt;= VOID
firrtl.passes.PassException: 9 errors detected!" type="firrtl.passes.PassExceptions">firrtl.passes.PassExceptions: 
firrtl.passes.CheckInitialization$RefNotInitializedException:  : [module PipelinedCPUBP]  Reference io is not fully initialized.
   : io.dmem.address &lt;= VOID
firrtl.passes.CheckInitialization$RefNotInitializedException:  : [module PipelinedCPUBP]  Reference io is not fully initialized.
   : io.dmem.maskmode &lt;= VOID
firrtl.passes.CheckInitialization$RefNotInitializedException:  : [module PipelinedCPUBP]  Reference io is not fully initialized.
   : io.dmem.valid &lt;= VOID
firrtl.passes.CheckInitialization$RefNotInitializedException:  : [module PipelinedCPUBP]  Reference io is not fully initialized.
   : io.imem.address &lt;= VOID
firrtl.passes.CheckInitialization$RefNotInitializedException:  : [module PipelinedCPUBP]  Reference io is not fully initialized.
   : io.dmem.writedata &lt;= VOID
firrtl.passes.CheckInitialization$RefNotInitializedException:  : [module PipelinedCPUBP]  Reference io is not fully initialized.
   : io.imem.valid &lt;= VOID
firrtl.passes.CheckInitialization$RefNotInitializedException:  : [module PipelinedCPUBP]  Reference io is not fully initialized.
   : io.dmem.memwrite &lt;= VOID
firrtl.passes.CheckInitialization$RefNotInitializedException:  : [module PipelinedCPUBP]  Reference io is not fully initialized.
   : io.dmem.sext &lt;= VOID
firrtl.passes.CheckInitialization$RefNotInitializedException:  : [module PipelinedCPUBP]  Reference io is not fully initialized.
   : io.dmem.memread &lt;= VOID
firrtl.passes.PassException: 9 errors detected!
</failure>
                                               </testcase><testcase classname="dinocpu.test.PipelinedBPTakenCPUTester" name="Pipelined CPU with always-taken branch predictor should run branch beq-True" time="0.284">
                                                 <failure message="
firrtl.passes.CheckInitialization$RefNotInitializedException:  : [module PipelinedCPUBP]  Reference io is not fully initialized.
   : io.dmem.address &lt;= VOID
firrtl.passes.CheckInitialization$RefNotInitializedException:  : [module PipelinedCPUBP]  Reference io is not fully initialized.
   : io.dmem.maskmode &lt;= VOID
firrtl.passes.CheckInitialization$RefNotInitializedException:  : [module PipelinedCPUBP]  Reference io is not fully initialized.
   : io.dmem.valid &lt;= VOID
firrtl.passes.CheckInitialization$RefNotInitializedException:  : [module PipelinedCPUBP]  Reference io is not fully initialized.
   : io.imem.address &lt;= VOID
firrtl.passes.CheckInitialization$RefNotInitializedException:  : [module PipelinedCPUBP]  Reference io is not fully initialized.
   : io.dmem.writedata &lt;= VOID
firrtl.passes.CheckInitialization$RefNotInitializedException:  : [module PipelinedCPUBP]  Reference io is not fully initialized.
   : io.imem.valid &lt;= VOID
firrtl.passes.CheckInitialization$RefNotInitializedException:  : [module PipelinedCPUBP]  Reference io is not fully initialized.
   : io.dmem.memwrite &lt;= VOID
firrtl.passes.CheckInitialization$RefNotInitializedException:  : [module PipelinedCPUBP]  Reference io is not fully initialized.
   : io.dmem.sext &lt;= VOID
firrtl.passes.CheckInitialization$RefNotInitializedException:  : [module PipelinedCPUBP]  Reference io is not fully initialized.
   : io.dmem.memread &lt;= VOID
firrtl.passes.PassException: 9 errors detected!" type="firrtl.passes.PassExceptions">firrtl.passes.PassExceptions: 
firrtl.passes.CheckInitialization$RefNotInitializedException:  : [module PipelinedCPUBP]  Reference io is not fully initialized.
   : io.dmem.address &lt;= VOID
firrtl.passes.CheckInitialization$RefNotInitializedException:  : [module PipelinedCPUBP]  Reference io is not fully initialized.
   : io.dmem.maskmode &lt;= VOID
firrtl.passes.CheckInitialization$RefNotInitializedException:  : [module PipelinedCPUBP]  Reference io is not fully initialized.
   : io.dmem.valid &lt;= VOID
firrtl.passes.CheckInitialization$RefNotInitializedException:  : [module PipelinedCPUBP]  Reference io is not fully initialized.
   : io.imem.address &lt;= VOID
firrtl.passes.CheckInitialization$RefNotInitializedException:  : [module PipelinedCPUBP]  Reference io is not fully initialized.
   : io.dmem.writedata &lt;= VOID
firrtl.passes.CheckInitialization$RefNotInitializedException:  : [module PipelinedCPUBP]  Reference io is not fully initialized.
   : io.imem.valid &lt;= VOID
firrtl.passes.CheckInitialization$RefNotInitializedException:  : [module PipelinedCPUBP]  Reference io is not fully initialized.
   : io.dmem.memwrite &lt;= VOID
firrtl.passes.CheckInitialization$RefNotInitializedException:  : [module PipelinedCPUBP]  Reference io is not fully initialized.
   : io.dmem.sext &lt;= VOID
firrtl.passes.CheckInitialization$RefNotInitializedException:  : [module PipelinedCPUBP]  Reference io is not fully initialized.
   : io.dmem.memread &lt;= VOID
firrtl.passes.PassException: 9 errors detected!
</failure>
                                               </testcase><testcase classname="dinocpu.test.PipelinedBPTakenCPUTester" name="Pipelined CPU with always-taken branch predictor should run branch bne-False" time="0.26">
                                                 <failure message="
firrtl.passes.CheckInitialization$RefNotInitializedException:  : [module PipelinedCPUBP]  Reference io is not fully initialized.
   : io.dmem.address &lt;= VOID
firrtl.passes.CheckInitialization$RefNotInitializedException:  : [module PipelinedCPUBP]  Reference io is not fully initialized.
   : io.dmem.maskmode &lt;= VOID
firrtl.passes.CheckInitialization$RefNotInitializedException:  : [module PipelinedCPUBP]  Reference io is not fully initialized.
   : io.dmem.valid &lt;= VOID
firrtl.passes.CheckInitialization$RefNotInitializedException:  : [module PipelinedCPUBP]  Reference io is not fully initialized.
   : io.imem.address &lt;= VOID
firrtl.passes.CheckInitialization$RefNotInitializedException:  : [module PipelinedCPUBP]  Reference io is not fully initialized.
   : io.dmem.writedata &lt;= VOID
firrtl.passes.CheckInitialization$RefNotInitializedException:  : [module PipelinedCPUBP]  Reference io is not fully initialized.
   : io.imem.valid &lt;= VOID
firrtl.passes.CheckInitialization$RefNotInitializedException:  : [module PipelinedCPUBP]  Reference io is not fully initialized.
   : io.dmem.memwrite &lt;= VOID
firrtl.passes.CheckInitialization$RefNotInitializedException:  : [module PipelinedCPUBP]  Reference io is not fully initialized.
   : io.dmem.sext &lt;= VOID
firrtl.passes.CheckInitialization$RefNotInitializedException:  : [module PipelinedCPUBP]  Reference io is not fully initialized.
   : io.dmem.memread &lt;= VOID
firrtl.passes.PassException: 9 errors detected!" type="firrtl.passes.PassExceptions">firrtl.passes.PassExceptions: 
firrtl.passes.CheckInitialization$RefNotInitializedException:  : [module PipelinedCPUBP]  Reference io is not fully initialized.
   : io.dmem.address &lt;= VOID
firrtl.passes.CheckInitialization$RefNotInitializedException:  : [module PipelinedCPUBP]  Reference io is not fully initialized.
   : io.dmem.maskmode &lt;= VOID
firrtl.passes.CheckInitialization$RefNotInitializedException:  : [module PipelinedCPUBP]  Reference io is not fully initialized.
   : io.dmem.valid &lt;= VOID
firrtl.passes.CheckInitialization$RefNotInitializedException:  : [module PipelinedCPUBP]  Reference io is not fully initialized.
   : io.imem.address &lt;= VOID
firrtl.passes.CheckInitialization$RefNotInitializedException:  : [module PipelinedCPUBP]  Reference io is not fully initialized.
   : io.dmem.writedata &lt;= VOID
firrtl.passes.CheckInitialization$RefNotInitializedException:  : [module PipelinedCPUBP]  Reference io is not fully initialized.
   : io.imem.valid &lt;= VOID
firrtl.passes.CheckInitialization$RefNotInitializedException:  : [module PipelinedCPUBP]  Reference io is not fully initialized.
   : io.dmem.memwrite &lt;= VOID
firrtl.passes.CheckInitialization$RefNotInitializedException:  : [module PipelinedCPUBP]  Reference io is not fully initialized.
   : io.dmem.sext &lt;= VOID
firrtl.passes.CheckInitialization$RefNotInitializedException:  : [module PipelinedCPUBP]  Reference io is not fully initialized.
   : io.dmem.memread &lt;= VOID
firrtl.passes.PassException: 9 errors detected!
</failure>
                                               </testcase><testcase classname="dinocpu.test.PipelinedBPTakenCPUTester" name="Pipelined CPU with always-taken branch predictor should run branch bne-True" time="0.255">
                                                 <failure message="
firrtl.passes.CheckInitialization$RefNotInitializedException:  : [module PipelinedCPUBP]  Reference io is not fully initialized.
   : io.dmem.address &lt;= VOID
firrtl.passes.CheckInitialization$RefNotInitializedException:  : [module PipelinedCPUBP]  Reference io is not fully initialized.
   : io.dmem.maskmode &lt;= VOID
firrtl.passes.CheckInitialization$RefNotInitializedException:  : [module PipelinedCPUBP]  Reference io is not fully initialized.
   : io.dmem.valid &lt;= VOID
firrtl.passes.CheckInitialization$RefNotInitializedException:  : [module PipelinedCPUBP]  Reference io is not fully initialized.
   : io.imem.address &lt;= VOID
firrtl.passes.CheckInitialization$RefNotInitializedException:  : [module PipelinedCPUBP]  Reference io is not fully initialized.
   : io.dmem.writedata &lt;= VOID
firrtl.passes.CheckInitialization$RefNotInitializedException:  : [module PipelinedCPUBP]  Reference io is not fully initialized.
   : io.imem.valid &lt;= VOID
firrtl.passes.CheckInitialization$RefNotInitializedException:  : [module PipelinedCPUBP]  Reference io is not fully initialized.
   : io.dmem.memwrite &lt;= VOID
firrtl.passes.CheckInitialization$RefNotInitializedException:  : [module PipelinedCPUBP]  Reference io is not fully initialized.
   : io.dmem.sext &lt;= VOID
firrtl.passes.CheckInitialization$RefNotInitializedException:  : [module PipelinedCPUBP]  Reference io is not fully initialized.
   : io.dmem.memread &lt;= VOID
firrtl.passes.PassException: 9 errors detected!" type="firrtl.passes.PassExceptions">firrtl.passes.PassExceptions: 
firrtl.passes.CheckInitialization$RefNotInitializedException:  : [module PipelinedCPUBP]  Reference io is not fully initialized.
   : io.dmem.address &lt;= VOID
firrtl.passes.CheckInitialization$RefNotInitializedException:  : [module PipelinedCPUBP]  Reference io is not fully initialized.
   : io.dmem.maskmode &lt;= VOID
firrtl.passes.CheckInitialization$RefNotInitializedException:  : [module PipelinedCPUBP]  Reference io is not fully initialized.
   : io.dmem.valid &lt;= VOID
firrtl.passes.CheckInitialization$RefNotInitializedException:  : [module PipelinedCPUBP]  Reference io is not fully initialized.
   : io.imem.address &lt;= VOID
firrtl.passes.CheckInitialization$RefNotInitializedException:  : [module PipelinedCPUBP]  Reference io is not fully initialized.
   : io.dmem.writedata &lt;= VOID
firrtl.passes.CheckInitialization$RefNotInitializedException:  : [module PipelinedCPUBP]  Reference io is not fully initialized.
   : io.imem.valid &lt;= VOID
firrtl.passes.CheckInitialization$RefNotInitializedException:  : [module PipelinedCPUBP]  Reference io is not fully initialized.
   : io.dmem.memwrite &lt;= VOID
firrtl.passes.CheckInitialization$RefNotInitializedException:  : [module PipelinedCPUBP]  Reference io is not fully initialized.
   : io.dmem.sext &lt;= VOID
firrtl.passes.CheckInitialization$RefNotInitializedException:  : [module PipelinedCPUBP]  Reference io is not fully initialized.
   : io.dmem.memread &lt;= VOID
firrtl.passes.PassException: 9 errors detected!
</failure>
                                               </testcase><testcase classname="dinocpu.test.PipelinedBPTakenCPUTester" name="Pipelined CPU with always-taken branch predictor should run branch blt-False" time="0.351">
                                                 <failure message="
firrtl.passes.CheckInitialization$RefNotInitializedException:  : [module PipelinedCPUBP]  Reference io is not fully initialized.
   : io.dmem.address &lt;= VOID
firrtl.passes.CheckInitialization$RefNotInitializedException:  : [module PipelinedCPUBP]  Reference io is not fully initialized.
   : io.dmem.maskmode &lt;= VOID
firrtl.passes.CheckInitialization$RefNotInitializedException:  : [module PipelinedCPUBP]  Reference io is not fully initialized.
   : io.dmem.valid &lt;= VOID
firrtl.passes.CheckInitialization$RefNotInitializedException:  : [module PipelinedCPUBP]  Reference io is not fully initialized.
   : io.imem.address &lt;= VOID
firrtl.passes.CheckInitialization$RefNotInitializedException:  : [module PipelinedCPUBP]  Reference io is not fully initialized.
   : io.dmem.writedata &lt;= VOID
firrtl.passes.CheckInitialization$RefNotInitializedException:  : [module PipelinedCPUBP]  Reference io is not fully initialized.
   : io.imem.valid &lt;= VOID
firrtl.passes.CheckInitialization$RefNotInitializedException:  : [module PipelinedCPUBP]  Reference io is not fully initialized.
   : io.dmem.memwrite &lt;= VOID
firrtl.passes.CheckInitialization$RefNotInitializedException:  : [module PipelinedCPUBP]  Reference io is not fully initialized.
   : io.dmem.sext &lt;= VOID
firrtl.passes.CheckInitialization$RefNotInitializedException:  : [module PipelinedCPUBP]  Reference io is not fully initialized.
   : io.dmem.memread &lt;= VOID
firrtl.passes.PassException: 9 errors detected!" type="firrtl.passes.PassExceptions">firrtl.passes.PassExceptions: 
firrtl.passes.CheckInitialization$RefNotInitializedException:  : [module PipelinedCPUBP]  Reference io is not fully initialized.
   : io.dmem.address &lt;= VOID
firrtl.passes.CheckInitialization$RefNotInitializedException:  : [module PipelinedCPUBP]  Reference io is not fully initialized.
   : io.dmem.maskmode &lt;= VOID
firrtl.passes.CheckInitialization$RefNotInitializedException:  : [module PipelinedCPUBP]  Reference io is not fully initialized.
   : io.dmem.valid &lt;= VOID
firrtl.passes.CheckInitialization$RefNotInitializedException:  : [module PipelinedCPUBP]  Reference io is not fully initialized.
   : io.imem.address &lt;= VOID
firrtl.passes.CheckInitialization$RefNotInitializedException:  : [module PipelinedCPUBP]  Reference io is not fully initialized.
   : io.dmem.writedata &lt;= VOID
firrtl.passes.CheckInitialization$RefNotInitializedException:  : [module PipelinedCPUBP]  Reference io is not fully initialized.
   : io.imem.valid &lt;= VOID
firrtl.passes.CheckInitialization$RefNotInitializedException:  : [module PipelinedCPUBP]  Reference io is not fully initialized.
   : io.dmem.memwrite &lt;= VOID
firrtl.passes.CheckInitialization$RefNotInitializedException:  : [module PipelinedCPUBP]  Reference io is not fully initialized.
   : io.dmem.sext &lt;= VOID
firrtl.passes.CheckInitialization$RefNotInitializedException:  : [module PipelinedCPUBP]  Reference io is not fully initialized.
   : io.dmem.memread &lt;= VOID
firrtl.passes.PassException: 9 errors detected!
</failure>
                                               </testcase><testcase classname="dinocpu.test.PipelinedBPTakenCPUTester" name="Pipelined CPU with always-taken branch predictor should run branch blt-False-equal" time="0.231">
                                                 <failure message="
firrtl.passes.CheckInitialization$RefNotInitializedException:  : [module PipelinedCPUBP]  Reference io is not fully initialized.
   : io.dmem.address &lt;= VOID
firrtl.passes.CheckInitialization$RefNotInitializedException:  : [module PipelinedCPUBP]  Reference io is not fully initialized.
   : io.dmem.maskmode &lt;= VOID
firrtl.passes.CheckInitialization$RefNotInitializedException:  : [module PipelinedCPUBP]  Reference io is not fully initialized.
   : io.dmem.valid &lt;= VOID
firrtl.passes.CheckInitialization$RefNotInitializedException:  : [module PipelinedCPUBP]  Reference io is not fully initialized.
   : io.imem.address &lt;= VOID
firrtl.passes.CheckInitialization$RefNotInitializedException:  : [module PipelinedCPUBP]  Reference io is not fully initialized.
   : io.dmem.writedata &lt;= VOID
firrtl.passes.CheckInitialization$RefNotInitializedException:  : [module PipelinedCPUBP]  Reference io is not fully initialized.
   : io.imem.valid &lt;= VOID
firrtl.passes.CheckInitialization$RefNotInitializedException:  : [module PipelinedCPUBP]  Reference io is not fully initialized.
   : io.dmem.memwrite &lt;= VOID
firrtl.passes.CheckInitialization$RefNotInitializedException:  : [module PipelinedCPUBP]  Reference io is not fully initialized.
   : io.dmem.sext &lt;= VOID
firrtl.passes.CheckInitialization$RefNotInitializedException:  : [module PipelinedCPUBP]  Reference io is not fully initialized.
   : io.dmem.memread &lt;= VOID
firrtl.passes.PassException: 9 errors detected!" type="firrtl.passes.PassExceptions">firrtl.passes.PassExceptions: 
firrtl.passes.CheckInitialization$RefNotInitializedException:  : [module PipelinedCPUBP]  Reference io is not fully initialized.
   : io.dmem.address &lt;= VOID
firrtl.passes.CheckInitialization$RefNotInitializedException:  : [module PipelinedCPUBP]  Reference io is not fully initialized.
   : io.dmem.maskmode &lt;= VOID
firrtl.passes.CheckInitialization$RefNotInitializedException:  : [module PipelinedCPUBP]  Reference io is not fully initialized.
   : io.dmem.valid &lt;= VOID
firrtl.passes.CheckInitialization$RefNotInitializedException:  : [module PipelinedCPUBP]  Reference io is not fully initialized.
   : io.imem.address &lt;= VOID
firrtl.passes.CheckInitialization$RefNotInitializedException:  : [module PipelinedCPUBP]  Reference io is not fully initialized.
   : io.dmem.writedata &lt;= VOID
firrtl.passes.CheckInitialization$RefNotInitializedException:  : [module PipelinedCPUBP]  Reference io is not fully initialized.
   : io.imem.valid &lt;= VOID
firrtl.passes.CheckInitialization$RefNotInitializedException:  : [module PipelinedCPUBP]  Reference io is not fully initialized.
   : io.dmem.memwrite &lt;= VOID
firrtl.passes.CheckInitialization$RefNotInitializedException:  : [module PipelinedCPUBP]  Reference io is not fully initialized.
   : io.dmem.sext &lt;= VOID
firrtl.passes.CheckInitialization$RefNotInitializedException:  : [module PipelinedCPUBP]  Reference io is not fully initialized.
   : io.dmem.memread &lt;= VOID
firrtl.passes.PassException: 9 errors detected!
</failure>
                                               </testcase><testcase classname="dinocpu.test.PipelinedBPTakenCPUTester" name="Pipelined CPU with always-taken branch predictor should run branch blt-True" time="0.247">
                                                 <failure message="
firrtl.passes.CheckInitialization$RefNotInitializedException:  : [module PipelinedCPUBP]  Reference io is not fully initialized.
   : io.dmem.address &lt;= VOID
firrtl.passes.CheckInitialization$RefNotInitializedException:  : [module PipelinedCPUBP]  Reference io is not fully initialized.
   : io.dmem.maskmode &lt;= VOID
firrtl.passes.CheckInitialization$RefNotInitializedException:  : [module PipelinedCPUBP]  Reference io is not fully initialized.
   : io.dmem.valid &lt;= VOID
firrtl.passes.CheckInitialization$RefNotInitializedException:  : [module PipelinedCPUBP]  Reference io is not fully initialized.
   : io.imem.address &lt;= VOID
firrtl.passes.CheckInitialization$RefNotInitializedException:  : [module PipelinedCPUBP]  Reference io is not fully initialized.
   : io.dmem.writedata &lt;= VOID
firrtl.passes.CheckInitialization$RefNotInitializedException:  : [module PipelinedCPUBP]  Reference io is not fully initialized.
   : io.imem.valid &lt;= VOID
firrtl.passes.CheckInitialization$RefNotInitializedException:  : [module PipelinedCPUBP]  Reference io is not fully initialized.
   : io.dmem.memwrite &lt;= VOID
firrtl.passes.CheckInitialization$RefNotInitializedException:  : [module PipelinedCPUBP]  Reference io is not fully initialized.
   : io.dmem.sext &lt;= VOID
firrtl.passes.CheckInitialization$RefNotInitializedException:  : [module PipelinedCPUBP]  Reference io is not fully initialized.
   : io.dmem.memread &lt;= VOID
firrtl.passes.PassException: 9 errors detected!" type="firrtl.passes.PassExceptions">firrtl.passes.PassExceptions: 
firrtl.passes.CheckInitialization$RefNotInitializedException:  : [module PipelinedCPUBP]  Reference io is not fully initialized.
   : io.dmem.address &lt;= VOID
firrtl.passes.CheckInitialization$RefNotInitializedException:  : [module PipelinedCPUBP]  Reference io is not fully initialized.
   : io.dmem.maskmode &lt;= VOID
firrtl.passes.CheckInitialization$RefNotInitializedException:  : [module PipelinedCPUBP]  Reference io is not fully initialized.
   : io.dmem.valid &lt;= VOID
firrtl.passes.CheckInitialization$RefNotInitializedException:  : [module PipelinedCPUBP]  Reference io is not fully initialized.
   : io.imem.address &lt;= VOID
firrtl.passes.CheckInitialization$RefNotInitializedException:  : [module PipelinedCPUBP]  Reference io is not fully initialized.
   : io.dmem.writedata &lt;= VOID
firrtl.passes.CheckInitialization$RefNotInitializedException:  : [module PipelinedCPUBP]  Reference io is not fully initialized.
   : io.imem.valid &lt;= VOID
firrtl.passes.CheckInitialization$RefNotInitializedException:  : [module PipelinedCPUBP]  Reference io is not fully initialized.
   : io.dmem.memwrite &lt;= VOID
firrtl.passes.CheckInitialization$RefNotInitializedException:  : [module PipelinedCPUBP]  Reference io is not fully initialized.
   : io.dmem.sext &lt;= VOID
firrtl.passes.CheckInitialization$RefNotInitializedException:  : [module PipelinedCPUBP]  Reference io is not fully initialized.
   : io.dmem.memread &lt;= VOID
firrtl.passes.PassException: 9 errors detected!
</failure>
                                               </testcase><testcase classname="dinocpu.test.PipelinedBPTakenCPUTester" name="Pipelined CPU with always-taken branch predictor should run branch blt-False-signed" time="0.264">
                                                 <failure message="
firrtl.passes.CheckInitialization$RefNotInitializedException:  : [module PipelinedCPUBP]  Reference io is not fully initialized.
   : io.dmem.address &lt;= VOID
firrtl.passes.CheckInitialization$RefNotInitializedException:  : [module PipelinedCPUBP]  Reference io is not fully initialized.
   : io.dmem.maskmode &lt;= VOID
firrtl.passes.CheckInitialization$RefNotInitializedException:  : [module PipelinedCPUBP]  Reference io is not fully initialized.
   : io.dmem.valid &lt;= VOID
firrtl.passes.CheckInitialization$RefNotInitializedException:  : [module PipelinedCPUBP]  Reference io is not fully initialized.
   : io.imem.address &lt;= VOID
firrtl.passes.CheckInitialization$RefNotInitializedException:  : [module PipelinedCPUBP]  Reference io is not fully initialized.
   : io.dmem.writedata &lt;= VOID
firrtl.passes.CheckInitialization$RefNotInitializedException:  : [module PipelinedCPUBP]  Reference io is not fully initialized.
   : io.imem.valid &lt;= VOID
firrtl.passes.CheckInitialization$RefNotInitializedException:  : [module PipelinedCPUBP]  Reference io is not fully initialized.
   : io.dmem.memwrite &lt;= VOID
firrtl.passes.CheckInitialization$RefNotInitializedException:  : [module PipelinedCPUBP]  Reference io is not fully initialized.
   : io.dmem.sext &lt;= VOID
firrtl.passes.CheckInitialization$RefNotInitializedException:  : [module PipelinedCPUBP]  Reference io is not fully initialized.
   : io.dmem.memread &lt;= VOID
firrtl.passes.PassException: 9 errors detected!" type="firrtl.passes.PassExceptions">firrtl.passes.PassExceptions: 
firrtl.passes.CheckInitialization$RefNotInitializedException:  : [module PipelinedCPUBP]  Reference io is not fully initialized.
   : io.dmem.address &lt;= VOID
firrtl.passes.CheckInitialization$RefNotInitializedException:  : [module PipelinedCPUBP]  Reference io is not fully initialized.
   : io.dmem.maskmode &lt;= VOID
firrtl.passes.CheckInitialization$RefNotInitializedException:  : [module PipelinedCPUBP]  Reference io is not fully initialized.
   : io.dmem.valid &lt;= VOID
firrtl.passes.CheckInitialization$RefNotInitializedException:  : [module PipelinedCPUBP]  Reference io is not fully initialized.
   : io.imem.address &lt;= VOID
firrtl.passes.CheckInitialization$RefNotInitializedException:  : [module PipelinedCPUBP]  Reference io is not fully initialized.
   : io.dmem.writedata &lt;= VOID
firrtl.passes.CheckInitialization$RefNotInitializedException:  : [module PipelinedCPUBP]  Reference io is not fully initialized.
   : io.imem.valid &lt;= VOID
firrtl.passes.CheckInitialization$RefNotInitializedException:  : [module PipelinedCPUBP]  Reference io is not fully initialized.
   : io.dmem.memwrite &lt;= VOID
firrtl.passes.CheckInitialization$RefNotInitializedException:  : [module PipelinedCPUBP]  Reference io is not fully initialized.
   : io.dmem.sext &lt;= VOID
firrtl.passes.CheckInitialization$RefNotInitializedException:  : [module PipelinedCPUBP]  Reference io is not fully initialized.
   : io.dmem.memread &lt;= VOID
firrtl.passes.PassException: 9 errors detected!
</failure>
                                               </testcase><testcase classname="dinocpu.test.PipelinedBPTakenCPUTester" name="Pipelined CPU with always-taken branch predictor should run branch blt-True-signed" time="0.259">
                                                 <failure message="
firrtl.passes.CheckInitialization$RefNotInitializedException:  : [module PipelinedCPUBP]  Reference io is not fully initialized.
   : io.dmem.address &lt;= VOID
firrtl.passes.CheckInitialization$RefNotInitializedException:  : [module PipelinedCPUBP]  Reference io is not fully initialized.
   : io.dmem.maskmode &lt;= VOID
firrtl.passes.CheckInitialization$RefNotInitializedException:  : [module PipelinedCPUBP]  Reference io is not fully initialized.
   : io.dmem.valid &lt;= VOID
firrtl.passes.CheckInitialization$RefNotInitializedException:  : [module PipelinedCPUBP]  Reference io is not fully initialized.
   : io.imem.address &lt;= VOID
firrtl.passes.CheckInitialization$RefNotInitializedException:  : [module PipelinedCPUBP]  Reference io is not fully initialized.
   : io.dmem.writedata &lt;= VOID
firrtl.passes.CheckInitialization$RefNotInitializedException:  : [module PipelinedCPUBP]  Reference io is not fully initialized.
   : io.imem.valid &lt;= VOID
firrtl.passes.CheckInitialization$RefNotInitializedException:  : [module PipelinedCPUBP]  Reference io is not fully initialized.
   : io.dmem.memwrite &lt;= VOID
firrtl.passes.CheckInitialization$RefNotInitializedException:  : [module PipelinedCPUBP]  Reference io is not fully initialized.
   : io.dmem.sext &lt;= VOID
firrtl.passes.CheckInitialization$RefNotInitializedException:  : [module PipelinedCPUBP]  Reference io is not fully initialized.
   : io.dmem.memread &lt;= VOID
firrtl.passes.PassException: 9 errors detected!" type="firrtl.passes.PassExceptions">firrtl.passes.PassExceptions: 
firrtl.passes.CheckInitialization$RefNotInitializedException:  : [module PipelinedCPUBP]  Reference io is not fully initialized.
   : io.dmem.address &lt;= VOID
firrtl.passes.CheckInitialization$RefNotInitializedException:  : [module PipelinedCPUBP]  Reference io is not fully initialized.
   : io.dmem.maskmode &lt;= VOID
firrtl.passes.CheckInitialization$RefNotInitializedException:  : [module PipelinedCPUBP]  Reference io is not fully initialized.
   : io.dmem.valid &lt;= VOID
firrtl.passes.CheckInitialization$RefNotInitializedException:  : [module PipelinedCPUBP]  Reference io is not fully initialized.
   : io.imem.address &lt;= VOID
firrtl.passes.CheckInitialization$RefNotInitializedException:  : [module PipelinedCPUBP]  Reference io is not fully initialized.
   : io.dmem.writedata &lt;= VOID
firrtl.passes.CheckInitialization$RefNotInitializedException:  : [module PipelinedCPUBP]  Reference io is not fully initialized.
   : io.imem.valid &lt;= VOID
firrtl.passes.CheckInitialization$RefNotInitializedException:  : [module PipelinedCPUBP]  Reference io is not fully initialized.
   : io.dmem.memwrite &lt;= VOID
firrtl.passes.CheckInitialization$RefNotInitializedException:  : [module PipelinedCPUBP]  Reference io is not fully initialized.
   : io.dmem.sext &lt;= VOID
firrtl.passes.CheckInitialization$RefNotInitializedException:  : [module PipelinedCPUBP]  Reference io is not fully initialized.
   : io.dmem.memread &lt;= VOID
firrtl.passes.PassException: 9 errors detected!
</failure>
                                               </testcase><testcase classname="dinocpu.test.PipelinedBPTakenCPUTester" name="Pipelined CPU with always-taken branch predictor should run branch bge-False" time="0.27">
                                                 <failure message="
firrtl.passes.CheckInitialization$RefNotInitializedException:  : [module PipelinedCPUBP]  Reference io is not fully initialized.
   : io.dmem.address &lt;= VOID
firrtl.passes.CheckInitialization$RefNotInitializedException:  : [module PipelinedCPUBP]  Reference io is not fully initialized.
   : io.dmem.maskmode &lt;= VOID
firrtl.passes.CheckInitialization$RefNotInitializedException:  : [module PipelinedCPUBP]  Reference io is not fully initialized.
   : io.dmem.valid &lt;= VOID
firrtl.passes.CheckInitialization$RefNotInitializedException:  : [module PipelinedCPUBP]  Reference io is not fully initialized.
   : io.imem.address &lt;= VOID
firrtl.passes.CheckInitialization$RefNotInitializedException:  : [module PipelinedCPUBP]  Reference io is not fully initialized.
   : io.dmem.writedata &lt;= VOID
firrtl.passes.CheckInitialization$RefNotInitializedException:  : [module PipelinedCPUBP]  Reference io is not fully initialized.
   : io.imem.valid &lt;= VOID
firrtl.passes.CheckInitialization$RefNotInitializedException:  : [module PipelinedCPUBP]  Reference io is not fully initialized.
   : io.dmem.memwrite &lt;= VOID
firrtl.passes.CheckInitialization$RefNotInitializedException:  : [module PipelinedCPUBP]  Reference io is not fully initialized.
   : io.dmem.sext &lt;= VOID
firrtl.passes.CheckInitialization$RefNotInitializedException:  : [module PipelinedCPUBP]  Reference io is not fully initialized.
   : io.dmem.memread &lt;= VOID
firrtl.passes.PassException: 9 errors detected!" type="firrtl.passes.PassExceptions">firrtl.passes.PassExceptions: 
firrtl.passes.CheckInitialization$RefNotInitializedException:  : [module PipelinedCPUBP]  Reference io is not fully initialized.
   : io.dmem.address &lt;= VOID
firrtl.passes.CheckInitialization$RefNotInitializedException:  : [module PipelinedCPUBP]  Reference io is not fully initialized.
   : io.dmem.maskmode &lt;= VOID
firrtl.passes.CheckInitialization$RefNotInitializedException:  : [module PipelinedCPUBP]  Reference io is not fully initialized.
   : io.dmem.valid &lt;= VOID
firrtl.passes.CheckInitialization$RefNotInitializedException:  : [module PipelinedCPUBP]  Reference io is not fully initialized.
   : io.imem.address &lt;= VOID
firrtl.passes.CheckInitialization$RefNotInitializedException:  : [module PipelinedCPUBP]  Reference io is not fully initialized.
   : io.dmem.writedata &lt;= VOID
firrtl.passes.CheckInitialization$RefNotInitializedException:  : [module PipelinedCPUBP]  Reference io is not fully initialized.
   : io.imem.valid &lt;= VOID
firrtl.passes.CheckInitialization$RefNotInitializedException:  : [module PipelinedCPUBP]  Reference io is not fully initialized.
   : io.dmem.memwrite &lt;= VOID
firrtl.passes.CheckInitialization$RefNotInitializedException:  : [module PipelinedCPUBP]  Reference io is not fully initialized.
   : io.dmem.sext &lt;= VOID
firrtl.passes.CheckInitialization$RefNotInitializedException:  : [module PipelinedCPUBP]  Reference io is not fully initialized.
   : io.dmem.memread &lt;= VOID
firrtl.passes.PassException: 9 errors detected!
</failure>
                                               </testcase><testcase classname="dinocpu.test.PipelinedBPTakenCPUTester" name="Pipelined CPU with always-taken branch predictor should run branch bge-True" time="0.248">
                                                 <failure message="
firrtl.passes.CheckInitialization$RefNotInitializedException:  : [module PipelinedCPUBP]  Reference io is not fully initialized.
   : io.dmem.address &lt;= VOID
firrtl.passes.CheckInitialization$RefNotInitializedException:  : [module PipelinedCPUBP]  Reference io is not fully initialized.
   : io.dmem.maskmode &lt;= VOID
firrtl.passes.CheckInitialization$RefNotInitializedException:  : [module PipelinedCPUBP]  Reference io is not fully initialized.
   : io.dmem.valid &lt;= VOID
firrtl.passes.CheckInitialization$RefNotInitializedException:  : [module PipelinedCPUBP]  Reference io is not fully initialized.
   : io.imem.address &lt;= VOID
firrtl.passes.CheckInitialization$RefNotInitializedException:  : [module PipelinedCPUBP]  Reference io is not fully initialized.
   : io.dmem.writedata &lt;= VOID
firrtl.passes.CheckInitialization$RefNotInitializedException:  : [module PipelinedCPUBP]  Reference io is not fully initialized.
   : io.imem.valid &lt;= VOID
firrtl.passes.CheckInitialization$RefNotInitializedException:  : [module PipelinedCPUBP]  Reference io is not fully initialized.
   : io.dmem.memwrite &lt;= VOID
firrtl.passes.CheckInitialization$RefNotInitializedException:  : [module PipelinedCPUBP]  Reference io is not fully initialized.
   : io.dmem.sext &lt;= VOID
firrtl.passes.CheckInitialization$RefNotInitializedException:  : [module PipelinedCPUBP]  Reference io is not fully initialized.
   : io.dmem.memread &lt;= VOID
firrtl.passes.PassException: 9 errors detected!" type="firrtl.passes.PassExceptions">firrtl.passes.PassExceptions: 
firrtl.passes.CheckInitialization$RefNotInitializedException:  : [module PipelinedCPUBP]  Reference io is not fully initialized.
   : io.dmem.address &lt;= VOID
firrtl.passes.CheckInitialization$RefNotInitializedException:  : [module PipelinedCPUBP]  Reference io is not fully initialized.
   : io.dmem.maskmode &lt;= VOID
firrtl.passes.CheckInitialization$RefNotInitializedException:  : [module PipelinedCPUBP]  Reference io is not fully initialized.
   : io.dmem.valid &lt;= VOID
firrtl.passes.CheckInitialization$RefNotInitializedException:  : [module PipelinedCPUBP]  Reference io is not fully initialized.
   : io.imem.address &lt;= VOID
firrtl.passes.CheckInitialization$RefNotInitializedException:  : [module PipelinedCPUBP]  Reference io is not fully initialized.
   : io.dmem.writedata &lt;= VOID
firrtl.passes.CheckInitialization$RefNotInitializedException:  : [module PipelinedCPUBP]  Reference io is not fully initialized.
   : io.imem.valid &lt;= VOID
firrtl.passes.CheckInitialization$RefNotInitializedException:  : [module PipelinedCPUBP]  Reference io is not fully initialized.
   : io.dmem.memwrite &lt;= VOID
firrtl.passes.CheckInitialization$RefNotInitializedException:  : [module PipelinedCPUBP]  Reference io is not fully initialized.
   : io.dmem.sext &lt;= VOID
firrtl.passes.CheckInitialization$RefNotInitializedException:  : [module PipelinedCPUBP]  Reference io is not fully initialized.
   : io.dmem.memread &lt;= VOID
firrtl.passes.PassException: 9 errors detected!
</failure>
                                               </testcase><testcase classname="dinocpu.test.PipelinedBPTakenCPUTester" name="Pipelined CPU with always-taken branch predictor should run branch bge-False-signed" time="0.264">
                                                 <failure message="
firrtl.passes.CheckInitialization$RefNotInitializedException:  : [module PipelinedCPUBP]  Reference io is not fully initialized.
   : io.dmem.address &lt;= VOID
firrtl.passes.CheckInitialization$RefNotInitializedException:  : [module PipelinedCPUBP]  Reference io is not fully initialized.
   : io.dmem.maskmode &lt;= VOID
firrtl.passes.CheckInitialization$RefNotInitializedException:  : [module PipelinedCPUBP]  Reference io is not fully initialized.
   : io.dmem.valid &lt;= VOID
firrtl.passes.CheckInitialization$RefNotInitializedException:  : [module PipelinedCPUBP]  Reference io is not fully initialized.
   : io.imem.address &lt;= VOID
firrtl.passes.CheckInitialization$RefNotInitializedException:  : [module PipelinedCPUBP]  Reference io is not fully initialized.
   : io.dmem.writedata &lt;= VOID
firrtl.passes.CheckInitialization$RefNotInitializedException:  : [module PipelinedCPUBP]  Reference io is not fully initialized.
   : io.imem.valid &lt;= VOID
firrtl.passes.CheckInitialization$RefNotInitializedException:  : [module PipelinedCPUBP]  Reference io is not fully initialized.
   : io.dmem.memwrite &lt;= VOID
firrtl.passes.CheckInitialization$RefNotInitializedException:  : [module PipelinedCPUBP]  Reference io is not fully initialized.
   : io.dmem.sext &lt;= VOID
firrtl.passes.CheckInitialization$RefNotInitializedException:  : [module PipelinedCPUBP]  Reference io is not fully initialized.
   : io.dmem.memread &lt;= VOID
firrtl.passes.PassException: 9 errors detected!" type="firrtl.passes.PassExceptions">firrtl.passes.PassExceptions: 
firrtl.passes.CheckInitialization$RefNotInitializedException:  : [module PipelinedCPUBP]  Reference io is not fully initialized.
   : io.dmem.address &lt;= VOID
firrtl.passes.CheckInitialization$RefNotInitializedException:  : [module PipelinedCPUBP]  Reference io is not fully initialized.
   : io.dmem.maskmode &lt;= VOID
firrtl.passes.CheckInitialization$RefNotInitializedException:  : [module PipelinedCPUBP]  Reference io is not fully initialized.
   : io.dmem.valid &lt;= VOID
firrtl.passes.CheckInitialization$RefNotInitializedException:  : [module PipelinedCPUBP]  Reference io is not fully initialized.
   : io.imem.address &lt;= VOID
firrtl.passes.CheckInitialization$RefNotInitializedException:  : [module PipelinedCPUBP]  Reference io is not fully initialized.
   : io.dmem.writedata &lt;= VOID
firrtl.passes.CheckInitialization$RefNotInitializedException:  : [module PipelinedCPUBP]  Reference io is not fully initialized.
   : io.imem.valid &lt;= VOID
firrtl.passes.CheckInitialization$RefNotInitializedException:  : [module PipelinedCPUBP]  Reference io is not fully initialized.
   : io.dmem.memwrite &lt;= VOID
firrtl.passes.CheckInitialization$RefNotInitializedException:  : [module PipelinedCPUBP]  Reference io is not fully initialized.
   : io.dmem.sext &lt;= VOID
firrtl.passes.CheckInitialization$RefNotInitializedException:  : [module PipelinedCPUBP]  Reference io is not fully initialized.
   : io.dmem.memread &lt;= VOID
firrtl.passes.PassException: 9 errors detected!
</failure>
                                               </testcase><testcase classname="dinocpu.test.PipelinedBPTakenCPUTester" name="Pipelined CPU with always-taken branch predictor should run branch bge-True-signed" time="0.249">
                                                 <failure message="
firrtl.passes.CheckInitialization$RefNotInitializedException:  : [module PipelinedCPUBP]  Reference io is not fully initialized.
   : io.dmem.address &lt;= VOID
firrtl.passes.CheckInitialization$RefNotInitializedException:  : [module PipelinedCPUBP]  Reference io is not fully initialized.
   : io.dmem.maskmode &lt;= VOID
firrtl.passes.CheckInitialization$RefNotInitializedException:  : [module PipelinedCPUBP]  Reference io is not fully initialized.
   : io.dmem.valid &lt;= VOID
firrtl.passes.CheckInitialization$RefNotInitializedException:  : [module PipelinedCPUBP]  Reference io is not fully initialized.
   : io.imem.address &lt;= VOID
firrtl.passes.CheckInitialization$RefNotInitializedException:  : [module PipelinedCPUBP]  Reference io is not fully initialized.
   : io.dmem.writedata &lt;= VOID
firrtl.passes.CheckInitialization$RefNotInitializedException:  : [module PipelinedCPUBP]  Reference io is not fully initialized.
   : io.imem.valid &lt;= VOID
firrtl.passes.CheckInitialization$RefNotInitializedException:  : [module PipelinedCPUBP]  Reference io is not fully initialized.
   : io.dmem.memwrite &lt;= VOID
firrtl.passes.CheckInitialization$RefNotInitializedException:  : [module PipelinedCPUBP]  Reference io is not fully initialized.
   : io.dmem.sext &lt;= VOID
firrtl.passes.CheckInitialization$RefNotInitializedException:  : [module PipelinedCPUBP]  Reference io is not fully initialized.
   : io.dmem.memread &lt;= VOID
firrtl.passes.PassException: 9 errors detected!" type="firrtl.passes.PassExceptions">firrtl.passes.PassExceptions: 
firrtl.passes.CheckInitialization$RefNotInitializedException:  : [module PipelinedCPUBP]  Reference io is not fully initialized.
   : io.dmem.address &lt;= VOID
firrtl.passes.CheckInitialization$RefNotInitializedException:  : [module PipelinedCPUBP]  Reference io is not fully initialized.
   : io.dmem.maskmode &lt;= VOID
firrtl.passes.CheckInitialization$RefNotInitializedException:  : [module PipelinedCPUBP]  Reference io is not fully initialized.
   : io.dmem.valid &lt;= VOID
firrtl.passes.CheckInitialization$RefNotInitializedException:  : [module PipelinedCPUBP]  Reference io is not fully initialized.
   : io.imem.address &lt;= VOID
firrtl.passes.CheckInitialization$RefNotInitializedException:  : [module PipelinedCPUBP]  Reference io is not fully initialized.
   : io.dmem.writedata &lt;= VOID
firrtl.passes.CheckInitialization$RefNotInitializedException:  : [module PipelinedCPUBP]  Reference io is not fully initialized.
   : io.imem.valid &lt;= VOID
firrtl.passes.CheckInitialization$RefNotInitializedException:  : [module PipelinedCPUBP]  Reference io is not fully initialized.
   : io.dmem.memwrite &lt;= VOID
firrtl.passes.CheckInitialization$RefNotInitializedException:  : [module PipelinedCPUBP]  Reference io is not fully initialized.
   : io.dmem.sext &lt;= VOID
firrtl.passes.CheckInitialization$RefNotInitializedException:  : [module PipelinedCPUBP]  Reference io is not fully initialized.
   : io.dmem.memread &lt;= VOID
firrtl.passes.PassException: 9 errors detected!
</failure>
                                               </testcase><testcase classname="dinocpu.test.PipelinedBPTakenCPUTester" name="Pipelined CPU with always-taken branch predictor should run branch bge-True-equal" time="0.25">
                                                 <failure message="
firrtl.passes.CheckInitialization$RefNotInitializedException:  : [module PipelinedCPUBP]  Reference io is not fully initialized.
   : io.dmem.address &lt;= VOID
firrtl.passes.CheckInitialization$RefNotInitializedException:  : [module PipelinedCPUBP]  Reference io is not fully initialized.
   : io.dmem.maskmode &lt;= VOID
firrtl.passes.CheckInitialization$RefNotInitializedException:  : [module PipelinedCPUBP]  Reference io is not fully initialized.
   : io.dmem.valid &lt;= VOID
firrtl.passes.CheckInitialization$RefNotInitializedException:  : [module PipelinedCPUBP]  Reference io is not fully initialized.
   : io.imem.address &lt;= VOID
firrtl.passes.CheckInitialization$RefNotInitializedException:  : [module PipelinedCPUBP]  Reference io is not fully initialized.
   : io.dmem.writedata &lt;= VOID
firrtl.passes.CheckInitialization$RefNotInitializedException:  : [module PipelinedCPUBP]  Reference io is not fully initialized.
   : io.imem.valid &lt;= VOID
firrtl.passes.CheckInitialization$RefNotInitializedException:  : [module PipelinedCPUBP]  Reference io is not fully initialized.
   : io.dmem.memwrite &lt;= VOID
firrtl.passes.CheckInitialization$RefNotInitializedException:  : [module PipelinedCPUBP]  Reference io is not fully initialized.
   : io.dmem.sext &lt;= VOID
firrtl.passes.CheckInitialization$RefNotInitializedException:  : [module PipelinedCPUBP]  Reference io is not fully initialized.
   : io.dmem.memread &lt;= VOID
firrtl.passes.PassException: 9 errors detected!" type="firrtl.passes.PassExceptions">firrtl.passes.PassExceptions: 
firrtl.passes.CheckInitialization$RefNotInitializedException:  : [module PipelinedCPUBP]  Reference io is not fully initialized.
   : io.dmem.address &lt;= VOID
firrtl.passes.CheckInitialization$RefNotInitializedException:  : [module PipelinedCPUBP]  Reference io is not fully initialized.
   : io.dmem.maskmode &lt;= VOID
firrtl.passes.CheckInitialization$RefNotInitializedException:  : [module PipelinedCPUBP]  Reference io is not fully initialized.
   : io.dmem.valid &lt;= VOID
firrtl.passes.CheckInitialization$RefNotInitializedException:  : [module PipelinedCPUBP]  Reference io is not fully initialized.
   : io.imem.address &lt;= VOID
firrtl.passes.CheckInitialization$RefNotInitializedException:  : [module PipelinedCPUBP]  Reference io is not fully initialized.
   : io.dmem.writedata &lt;= VOID
firrtl.passes.CheckInitialization$RefNotInitializedException:  : [module PipelinedCPUBP]  Reference io is not fully initialized.
   : io.imem.valid &lt;= VOID
firrtl.passes.CheckInitialization$RefNotInitializedException:  : [module PipelinedCPUBP]  Reference io is not fully initialized.
   : io.dmem.memwrite &lt;= VOID
firrtl.passes.CheckInitialization$RefNotInitializedException:  : [module PipelinedCPUBP]  Reference io is not fully initialized.
   : io.dmem.sext &lt;= VOID
firrtl.passes.CheckInitialization$RefNotInitializedException:  : [module PipelinedCPUBP]  Reference io is not fully initialized.
   : io.dmem.memread &lt;= VOID
firrtl.passes.PassException: 9 errors detected!
</failure>
                                               </testcase><testcase classname="dinocpu.test.PipelinedBPTakenCPUTester" name="Pipelined CPU with always-taken branch predictor should run branch bltu-False" time="0.278">
                                                 <failure message="
firrtl.passes.CheckInitialization$RefNotInitializedException:  : [module PipelinedCPUBP]  Reference io is not fully initialized.
   : io.dmem.address &lt;= VOID
firrtl.passes.CheckInitialization$RefNotInitializedException:  : [module PipelinedCPUBP]  Reference io is not fully initialized.
   : io.dmem.maskmode &lt;= VOID
firrtl.passes.CheckInitialization$RefNotInitializedException:  : [module PipelinedCPUBP]  Reference io is not fully initialized.
   : io.dmem.valid &lt;= VOID
firrtl.passes.CheckInitialization$RefNotInitializedException:  : [module PipelinedCPUBP]  Reference io is not fully initialized.
   : io.imem.address &lt;= VOID
firrtl.passes.CheckInitialization$RefNotInitializedException:  : [module PipelinedCPUBP]  Reference io is not fully initialized.
   : io.dmem.writedata &lt;= VOID
firrtl.passes.CheckInitialization$RefNotInitializedException:  : [module PipelinedCPUBP]  Reference io is not fully initialized.
   : io.imem.valid &lt;= VOID
firrtl.passes.CheckInitialization$RefNotInitializedException:  : [module PipelinedCPUBP]  Reference io is not fully initialized.
   : io.dmem.memwrite &lt;= VOID
firrtl.passes.CheckInitialization$RefNotInitializedException:  : [module PipelinedCPUBP]  Reference io is not fully initialized.
   : io.dmem.sext &lt;= VOID
firrtl.passes.CheckInitialization$RefNotInitializedException:  : [module PipelinedCPUBP]  Reference io is not fully initialized.
   : io.dmem.memread &lt;= VOID
firrtl.passes.PassException: 9 errors detected!" type="firrtl.passes.PassExceptions">firrtl.passes.PassExceptions: 
firrtl.passes.CheckInitialization$RefNotInitializedException:  : [module PipelinedCPUBP]  Reference io is not fully initialized.
   : io.dmem.address &lt;= VOID
firrtl.passes.CheckInitialization$RefNotInitializedException:  : [module PipelinedCPUBP]  Reference io is not fully initialized.
   : io.dmem.maskmode &lt;= VOID
firrtl.passes.CheckInitialization$RefNotInitializedException:  : [module PipelinedCPUBP]  Reference io is not fully initialized.
   : io.dmem.valid &lt;= VOID
firrtl.passes.CheckInitialization$RefNotInitializedException:  : [module PipelinedCPUBP]  Reference io is not fully initialized.
   : io.imem.address &lt;= VOID
firrtl.passes.CheckInitialization$RefNotInitializedException:  : [module PipelinedCPUBP]  Reference io is not fully initialized.
   : io.dmem.writedata &lt;= VOID
firrtl.passes.CheckInitialization$RefNotInitializedException:  : [module PipelinedCPUBP]  Reference io is not fully initialized.
   : io.imem.valid &lt;= VOID
firrtl.passes.CheckInitialization$RefNotInitializedException:  : [module PipelinedCPUBP]  Reference io is not fully initialized.
   : io.dmem.memwrite &lt;= VOID
firrtl.passes.CheckInitialization$RefNotInitializedException:  : [module PipelinedCPUBP]  Reference io is not fully initialized.
   : io.dmem.sext &lt;= VOID
firrtl.passes.CheckInitialization$RefNotInitializedException:  : [module PipelinedCPUBP]  Reference io is not fully initialized.
   : io.dmem.memread &lt;= VOID
firrtl.passes.PassException: 9 errors detected!
</failure>
                                               </testcase><testcase classname="dinocpu.test.PipelinedBPTakenCPUTester" name="Pipelined CPU with always-taken branch predictor should run branch bltu-True" time="0.258">
                                                 <failure message="
firrtl.passes.CheckInitialization$RefNotInitializedException:  : [module PipelinedCPUBP]  Reference io is not fully initialized.
   : io.dmem.address &lt;= VOID
firrtl.passes.CheckInitialization$RefNotInitializedException:  : [module PipelinedCPUBP]  Reference io is not fully initialized.
   : io.dmem.maskmode &lt;= VOID
firrtl.passes.CheckInitialization$RefNotInitializedException:  : [module PipelinedCPUBP]  Reference io is not fully initialized.
   : io.dmem.valid &lt;= VOID
firrtl.passes.CheckInitialization$RefNotInitializedException:  : [module PipelinedCPUBP]  Reference io is not fully initialized.
   : io.imem.address &lt;= VOID
firrtl.passes.CheckInitialization$RefNotInitializedException:  : [module PipelinedCPUBP]  Reference io is not fully initialized.
   : io.dmem.writedata &lt;= VOID
firrtl.passes.CheckInitialization$RefNotInitializedException:  : [module PipelinedCPUBP]  Reference io is not fully initialized.
   : io.imem.valid &lt;= VOID
firrtl.passes.CheckInitialization$RefNotInitializedException:  : [module PipelinedCPUBP]  Reference io is not fully initialized.
   : io.dmem.memwrite &lt;= VOID
firrtl.passes.CheckInitialization$RefNotInitializedException:  : [module PipelinedCPUBP]  Reference io is not fully initialized.
   : io.dmem.sext &lt;= VOID
firrtl.passes.CheckInitialization$RefNotInitializedException:  : [module PipelinedCPUBP]  Reference io is not fully initialized.
   : io.dmem.memread &lt;= VOID
firrtl.passes.PassException: 9 errors detected!" type="firrtl.passes.PassExceptions">firrtl.passes.PassExceptions: 
firrtl.passes.CheckInitialization$RefNotInitializedException:  : [module PipelinedCPUBP]  Reference io is not fully initialized.
   : io.dmem.address &lt;= VOID
firrtl.passes.CheckInitialization$RefNotInitializedException:  : [module PipelinedCPUBP]  Reference io is not fully initialized.
   : io.dmem.maskmode &lt;= VOID
firrtl.passes.CheckInitialization$RefNotInitializedException:  : [module PipelinedCPUBP]  Reference io is not fully initialized.
   : io.dmem.valid &lt;= VOID
firrtl.passes.CheckInitialization$RefNotInitializedException:  : [module PipelinedCPUBP]  Reference io is not fully initialized.
   : io.imem.address &lt;= VOID
firrtl.passes.CheckInitialization$RefNotInitializedException:  : [module PipelinedCPUBP]  Reference io is not fully initialized.
   : io.dmem.writedata &lt;= VOID
firrtl.passes.CheckInitialization$RefNotInitializedException:  : [module PipelinedCPUBP]  Reference io is not fully initialized.
   : io.imem.valid &lt;= VOID
firrtl.passes.CheckInitialization$RefNotInitializedException:  : [module PipelinedCPUBP]  Reference io is not fully initialized.
   : io.dmem.memwrite &lt;= VOID
firrtl.passes.CheckInitialization$RefNotInitializedException:  : [module PipelinedCPUBP]  Reference io is not fully initialized.
   : io.dmem.sext &lt;= VOID
firrtl.passes.CheckInitialization$RefNotInitializedException:  : [module PipelinedCPUBP]  Reference io is not fully initialized.
   : io.dmem.memread &lt;= VOID
firrtl.passes.PassException: 9 errors detected!
</failure>
                                               </testcase><testcase classname="dinocpu.test.PipelinedBPTakenCPUTester" name="Pipelined CPU with always-taken branch predictor should run branch bgeu-False" time="0.259">
                                                 <failure message="
firrtl.passes.CheckInitialization$RefNotInitializedException:  : [module PipelinedCPUBP]  Reference io is not fully initialized.
   : io.dmem.address &lt;= VOID
firrtl.passes.CheckInitialization$RefNotInitializedException:  : [module PipelinedCPUBP]  Reference io is not fully initialized.
   : io.dmem.maskmode &lt;= VOID
firrtl.passes.CheckInitialization$RefNotInitializedException:  : [module PipelinedCPUBP]  Reference io is not fully initialized.
   : io.dmem.valid &lt;= VOID
firrtl.passes.CheckInitialization$RefNotInitializedException:  : [module PipelinedCPUBP]  Reference io is not fully initialized.
   : io.imem.address &lt;= VOID
firrtl.passes.CheckInitialization$RefNotInitializedException:  : [module PipelinedCPUBP]  Reference io is not fully initialized.
   : io.dmem.writedata &lt;= VOID
firrtl.passes.CheckInitialization$RefNotInitializedException:  : [module PipelinedCPUBP]  Reference io is not fully initialized.
   : io.imem.valid &lt;= VOID
firrtl.passes.CheckInitialization$RefNotInitializedException:  : [module PipelinedCPUBP]  Reference io is not fully initialized.
   : io.dmem.memwrite &lt;= VOID
firrtl.passes.CheckInitialization$RefNotInitializedException:  : [module PipelinedCPUBP]  Reference io is not fully initialized.
   : io.dmem.sext &lt;= VOID
firrtl.passes.CheckInitialization$RefNotInitializedException:  : [module PipelinedCPUBP]  Reference io is not fully initialized.
   : io.dmem.memread &lt;= VOID
firrtl.passes.PassException: 9 errors detected!" type="firrtl.passes.PassExceptions">firrtl.passes.PassExceptions: 
firrtl.passes.CheckInitialization$RefNotInitializedException:  : [module PipelinedCPUBP]  Reference io is not fully initialized.
   : io.dmem.address &lt;= VOID
firrtl.passes.CheckInitialization$RefNotInitializedException:  : [module PipelinedCPUBP]  Reference io is not fully initialized.
   : io.dmem.maskmode &lt;= VOID
firrtl.passes.CheckInitialization$RefNotInitializedException:  : [module PipelinedCPUBP]  Reference io is not fully initialized.
   : io.dmem.valid &lt;= VOID
firrtl.passes.CheckInitialization$RefNotInitializedException:  : [module PipelinedCPUBP]  Reference io is not fully initialized.
   : io.imem.address &lt;= VOID
firrtl.passes.CheckInitialization$RefNotInitializedException:  : [module PipelinedCPUBP]  Reference io is not fully initialized.
   : io.dmem.writedata &lt;= VOID
firrtl.passes.CheckInitialization$RefNotInitializedException:  : [module PipelinedCPUBP]  Reference io is not fully initialized.
   : io.imem.valid &lt;= VOID
firrtl.passes.CheckInitialization$RefNotInitializedException:  : [module PipelinedCPUBP]  Reference io is not fully initialized.
   : io.dmem.memwrite &lt;= VOID
firrtl.passes.CheckInitialization$RefNotInitializedException:  : [module PipelinedCPUBP]  Reference io is not fully initialized.
   : io.dmem.sext &lt;= VOID
firrtl.passes.CheckInitialization$RefNotInitializedException:  : [module PipelinedCPUBP]  Reference io is not fully initialized.
   : io.dmem.memread &lt;= VOID
firrtl.passes.PassException: 9 errors detected!
</failure>
                                               </testcase><testcase classname="dinocpu.test.PipelinedBPTakenCPUTester" name="Pipelined CPU with always-taken branch predictor should run branch bgeu-True" time="0.259">
                                                 <failure message="
firrtl.passes.CheckInitialization$RefNotInitializedException:  : [module PipelinedCPUBP]  Reference io is not fully initialized.
   : io.dmem.address &lt;= VOID
firrtl.passes.CheckInitialization$RefNotInitializedException:  : [module PipelinedCPUBP]  Reference io is not fully initialized.
   : io.dmem.maskmode &lt;= VOID
firrtl.passes.CheckInitialization$RefNotInitializedException:  : [module PipelinedCPUBP]  Reference io is not fully initialized.
   : io.dmem.valid &lt;= VOID
firrtl.passes.CheckInitialization$RefNotInitializedException:  : [module PipelinedCPUBP]  Reference io is not fully initialized.
   : io.imem.address &lt;= VOID
firrtl.passes.CheckInitialization$RefNotInitializedException:  : [module PipelinedCPUBP]  Reference io is not fully initialized.
   : io.dmem.writedata &lt;= VOID
firrtl.passes.CheckInitialization$RefNotInitializedException:  : [module PipelinedCPUBP]  Reference io is not fully initialized.
   : io.imem.valid &lt;= VOID
firrtl.passes.CheckInitialization$RefNotInitializedException:  : [module PipelinedCPUBP]  Reference io is not fully initialized.
   : io.dmem.memwrite &lt;= VOID
firrtl.passes.CheckInitialization$RefNotInitializedException:  : [module PipelinedCPUBP]  Reference io is not fully initialized.
   : io.dmem.sext &lt;= VOID
firrtl.passes.CheckInitialization$RefNotInitializedException:  : [module PipelinedCPUBP]  Reference io is not fully initialized.
   : io.dmem.memread &lt;= VOID
firrtl.passes.PassException: 9 errors detected!" type="firrtl.passes.PassExceptions">firrtl.passes.PassExceptions: 
firrtl.passes.CheckInitialization$RefNotInitializedException:  : [module PipelinedCPUBP]  Reference io is not fully initialized.
   : io.dmem.address &lt;= VOID
firrtl.passes.CheckInitialization$RefNotInitializedException:  : [module PipelinedCPUBP]  Reference io is not fully initialized.
   : io.dmem.maskmode &lt;= VOID
firrtl.passes.CheckInitialization$RefNotInitializedException:  : [module PipelinedCPUBP]  Reference io is not fully initialized.
   : io.dmem.valid &lt;= VOID
firrtl.passes.CheckInitialization$RefNotInitializedException:  : [module PipelinedCPUBP]  Reference io is not fully initialized.
   : io.imem.address &lt;= VOID
firrtl.passes.CheckInitialization$RefNotInitializedException:  : [module PipelinedCPUBP]  Reference io is not fully initialized.
   : io.dmem.writedata &lt;= VOID
firrtl.passes.CheckInitialization$RefNotInitializedException:  : [module PipelinedCPUBP]  Reference io is not fully initialized.
   : io.imem.valid &lt;= VOID
firrtl.passes.CheckInitialization$RefNotInitializedException:  : [module PipelinedCPUBP]  Reference io is not fully initialized.
   : io.dmem.memwrite &lt;= VOID
firrtl.passes.CheckInitialization$RefNotInitializedException:  : [module PipelinedCPUBP]  Reference io is not fully initialized.
   : io.dmem.sext &lt;= VOID
firrtl.passes.CheckInitialization$RefNotInitializedException:  : [module PipelinedCPUBP]  Reference io is not fully initialized.
   : io.dmem.memread &lt;= VOID
firrtl.passes.PassException: 9 errors detected!
</failure>
                                               </testcase><testcase classname="dinocpu.test.PipelinedBPTakenCPUTester" name="Pipelined CPU with always-taken branch predictor should run jump jal" time="0.261">
                                                 <failure message="
firrtl.passes.CheckInitialization$RefNotInitializedException:  : [module PipelinedCPUBP]  Reference io is not fully initialized.
   : io.dmem.address &lt;= VOID
firrtl.passes.CheckInitialization$RefNotInitializedException:  : [module PipelinedCPUBP]  Reference io is not fully initialized.
   : io.dmem.maskmode &lt;= VOID
firrtl.passes.CheckInitialization$RefNotInitializedException:  : [module PipelinedCPUBP]  Reference io is not fully initialized.
   : io.dmem.valid &lt;= VOID
firrtl.passes.CheckInitialization$RefNotInitializedException:  : [module PipelinedCPUBP]  Reference io is not fully initialized.
   : io.imem.address &lt;= VOID
firrtl.passes.CheckInitialization$RefNotInitializedException:  : [module PipelinedCPUBP]  Reference io is not fully initialized.
   : io.dmem.writedata &lt;= VOID
firrtl.passes.CheckInitialization$RefNotInitializedException:  : [module PipelinedCPUBP]  Reference io is not fully initialized.
   : io.imem.valid &lt;= VOID
firrtl.passes.CheckInitialization$RefNotInitializedException:  : [module PipelinedCPUBP]  Reference io is not fully initialized.
   : io.dmem.memwrite &lt;= VOID
firrtl.passes.CheckInitialization$RefNotInitializedException:  : [module PipelinedCPUBP]  Reference io is not fully initialized.
   : io.dmem.sext &lt;= VOID
firrtl.passes.CheckInitialization$RefNotInitializedException:  : [module PipelinedCPUBP]  Reference io is not fully initialized.
   : io.dmem.memread &lt;= VOID
firrtl.passes.PassException: 9 errors detected!" type="firrtl.passes.PassExceptions">firrtl.passes.PassExceptions: 
firrtl.passes.CheckInitialization$RefNotInitializedException:  : [module PipelinedCPUBP]  Reference io is not fully initialized.
   : io.dmem.address &lt;= VOID
firrtl.passes.CheckInitialization$RefNotInitializedException:  : [module PipelinedCPUBP]  Reference io is not fully initialized.
   : io.dmem.maskmode &lt;= VOID
firrtl.passes.CheckInitialization$RefNotInitializedException:  : [module PipelinedCPUBP]  Reference io is not fully initialized.
   : io.dmem.valid &lt;= VOID
firrtl.passes.CheckInitialization$RefNotInitializedException:  : [module PipelinedCPUBP]  Reference io is not fully initialized.
   : io.imem.address &lt;= VOID
firrtl.passes.CheckInitialization$RefNotInitializedException:  : [module PipelinedCPUBP]  Reference io is not fully initialized.
   : io.dmem.writedata &lt;= VOID
firrtl.passes.CheckInitialization$RefNotInitializedException:  : [module PipelinedCPUBP]  Reference io is not fully initialized.
   : io.imem.valid &lt;= VOID
firrtl.passes.CheckInitialization$RefNotInitializedException:  : [module PipelinedCPUBP]  Reference io is not fully initialized.
   : io.dmem.memwrite &lt;= VOID
firrtl.passes.CheckInitialization$RefNotInitializedException:  : [module PipelinedCPUBP]  Reference io is not fully initialized.
   : io.dmem.sext &lt;= VOID
firrtl.passes.CheckInitialization$RefNotInitializedException:  : [module PipelinedCPUBP]  Reference io is not fully initialized.
   : io.dmem.memread &lt;= VOID
firrtl.passes.PassException: 9 errors detected!
</failure>
                                               </testcase><testcase classname="dinocpu.test.PipelinedBPTakenCPUTester" name="Pipelined CPU with always-taken branch predictor should run jump jalr0" time="0.239">
                                                 <failure message="
firrtl.passes.CheckInitialization$RefNotInitializedException:  : [module PipelinedCPUBP]  Reference io is not fully initialized.
   : io.dmem.address &lt;= VOID
firrtl.passes.CheckInitialization$RefNotInitializedException:  : [module PipelinedCPUBP]  Reference io is not fully initialized.
   : io.dmem.maskmode &lt;= VOID
firrtl.passes.CheckInitialization$RefNotInitializedException:  : [module PipelinedCPUBP]  Reference io is not fully initialized.
   : io.dmem.valid &lt;= VOID
firrtl.passes.CheckInitialization$RefNotInitializedException:  : [module PipelinedCPUBP]  Reference io is not fully initialized.
   : io.imem.address &lt;= VOID
firrtl.passes.CheckInitialization$RefNotInitializedException:  : [module PipelinedCPUBP]  Reference io is not fully initialized.
   : io.dmem.writedata &lt;= VOID
firrtl.passes.CheckInitialization$RefNotInitializedException:  : [module PipelinedCPUBP]  Reference io is not fully initialized.
   : io.imem.valid &lt;= VOID
firrtl.passes.CheckInitialization$RefNotInitializedException:  : [module PipelinedCPUBP]  Reference io is not fully initialized.
   : io.dmem.memwrite &lt;= VOID
firrtl.passes.CheckInitialization$RefNotInitializedException:  : [module PipelinedCPUBP]  Reference io is not fully initialized.
   : io.dmem.sext &lt;= VOID
firrtl.passes.CheckInitialization$RefNotInitializedException:  : [module PipelinedCPUBP]  Reference io is not fully initialized.
   : io.dmem.memread &lt;= VOID
firrtl.passes.PassException: 9 errors detected!" type="firrtl.passes.PassExceptions">firrtl.passes.PassExceptions: 
firrtl.passes.CheckInitialization$RefNotInitializedException:  : [module PipelinedCPUBP]  Reference io is not fully initialized.
   : io.dmem.address &lt;= VOID
firrtl.passes.CheckInitialization$RefNotInitializedException:  : [module PipelinedCPUBP]  Reference io is not fully initialized.
   : io.dmem.maskmode &lt;= VOID
firrtl.passes.CheckInitialization$RefNotInitializedException:  : [module PipelinedCPUBP]  Reference io is not fully initialized.
   : io.dmem.valid &lt;= VOID
firrtl.passes.CheckInitialization$RefNotInitializedException:  : [module PipelinedCPUBP]  Reference io is not fully initialized.
   : io.imem.address &lt;= VOID
firrtl.passes.CheckInitialization$RefNotInitializedException:  : [module PipelinedCPUBP]  Reference io is not fully initialized.
   : io.dmem.writedata &lt;= VOID
firrtl.passes.CheckInitialization$RefNotInitializedException:  : [module PipelinedCPUBP]  Reference io is not fully initialized.
   : io.imem.valid &lt;= VOID
firrtl.passes.CheckInitialization$RefNotInitializedException:  : [module PipelinedCPUBP]  Reference io is not fully initialized.
   : io.dmem.memwrite &lt;= VOID
firrtl.passes.CheckInitialization$RefNotInitializedException:  : [module PipelinedCPUBP]  Reference io is not fully initialized.
   : io.dmem.sext &lt;= VOID
firrtl.passes.CheckInitialization$RefNotInitializedException:  : [module PipelinedCPUBP]  Reference io is not fully initialized.
   : io.dmem.memread &lt;= VOID
firrtl.passes.PassException: 9 errors detected!
</failure>
                                               </testcase><testcase classname="dinocpu.test.PipelinedBPTakenCPUTester" name="Pipelined CPU with always-taken branch predictor should run jump jalr1" time="0.254">
                                                 <failure message="
firrtl.passes.CheckInitialization$RefNotInitializedException:  : [module PipelinedCPUBP]  Reference io is not fully initialized.
   : io.dmem.address &lt;= VOID
firrtl.passes.CheckInitialization$RefNotInitializedException:  : [module PipelinedCPUBP]  Reference io is not fully initialized.
   : io.dmem.maskmode &lt;= VOID
firrtl.passes.CheckInitialization$RefNotInitializedException:  : [module PipelinedCPUBP]  Reference io is not fully initialized.
   : io.dmem.valid &lt;= VOID
firrtl.passes.CheckInitialization$RefNotInitializedException:  : [module PipelinedCPUBP]  Reference io is not fully initialized.
   : io.imem.address &lt;= VOID
firrtl.passes.CheckInitialization$RefNotInitializedException:  : [module PipelinedCPUBP]  Reference io is not fully initialized.
   : io.dmem.writedata &lt;= VOID
firrtl.passes.CheckInitialization$RefNotInitializedException:  : [module PipelinedCPUBP]  Reference io is not fully initialized.
   : io.imem.valid &lt;= VOID
firrtl.passes.CheckInitialization$RefNotInitializedException:  : [module PipelinedCPUBP]  Reference io is not fully initialized.
   : io.dmem.memwrite &lt;= VOID
firrtl.passes.CheckInitialization$RefNotInitializedException:  : [module PipelinedCPUBP]  Reference io is not fully initialized.
   : io.dmem.sext &lt;= VOID
firrtl.passes.CheckInitialization$RefNotInitializedException:  : [module PipelinedCPUBP]  Reference io is not fully initialized.
   : io.dmem.memread &lt;= VOID
firrtl.passes.PassException: 9 errors detected!" type="firrtl.passes.PassExceptions">firrtl.passes.PassExceptions: 
firrtl.passes.CheckInitialization$RefNotInitializedException:  : [module PipelinedCPUBP]  Reference io is not fully initialized.
   : io.dmem.address &lt;= VOID
firrtl.passes.CheckInitialization$RefNotInitializedException:  : [module PipelinedCPUBP]  Reference io is not fully initialized.
   : io.dmem.maskmode &lt;= VOID
firrtl.passes.CheckInitialization$RefNotInitializedException:  : [module PipelinedCPUBP]  Reference io is not fully initialized.
   : io.dmem.valid &lt;= VOID
firrtl.passes.CheckInitialization$RefNotInitializedException:  : [module PipelinedCPUBP]  Reference io is not fully initialized.
   : io.imem.address &lt;= VOID
firrtl.passes.CheckInitialization$RefNotInitializedException:  : [module PipelinedCPUBP]  Reference io is not fully initialized.
   : io.dmem.writedata &lt;= VOID
firrtl.passes.CheckInitialization$RefNotInitializedException:  : [module PipelinedCPUBP]  Reference io is not fully initialized.
   : io.imem.valid &lt;= VOID
firrtl.passes.CheckInitialization$RefNotInitializedException:  : [module PipelinedCPUBP]  Reference io is not fully initialized.
   : io.dmem.memwrite &lt;= VOID
firrtl.passes.CheckInitialization$RefNotInitializedException:  : [module PipelinedCPUBP]  Reference io is not fully initialized.
   : io.dmem.sext &lt;= VOID
firrtl.passes.CheckInitialization$RefNotInitializedException:  : [module PipelinedCPUBP]  Reference io is not fully initialized.
   : io.dmem.memread &lt;= VOID
firrtl.passes.PassException: 9 errors detected!
</failure>
                                               </testcase><testcase classname="dinocpu.test.PipelinedBPTakenCPUTester" name="Pipelined CPU with always-taken branch predictor should run applications fibonacci" time="0.271">
                                                 <failure message="
firrtl.passes.CheckInitialization$RefNotInitializedException:  : [module PipelinedCPUBP]  Reference io is not fully initialized.
   : io.dmem.address &lt;= VOID
firrtl.passes.CheckInitialization$RefNotInitializedException:  : [module PipelinedCPUBP]  Reference io is not fully initialized.
   : io.dmem.maskmode &lt;= VOID
firrtl.passes.CheckInitialization$RefNotInitializedException:  : [module PipelinedCPUBP]  Reference io is not fully initialized.
   : io.dmem.valid &lt;= VOID
firrtl.passes.CheckInitialization$RefNotInitializedException:  : [module PipelinedCPUBP]  Reference io is not fully initialized.
   : io.imem.address &lt;= VOID
firrtl.passes.CheckInitialization$RefNotInitializedException:  : [module PipelinedCPUBP]  Reference io is not fully initialized.
   : io.dmem.writedata &lt;= VOID
firrtl.passes.CheckInitialization$RefNotInitializedException:  : [module PipelinedCPUBP]  Reference io is not fully initialized.
   : io.imem.valid &lt;= VOID
firrtl.passes.CheckInitialization$RefNotInitializedException:  : [module PipelinedCPUBP]  Reference io is not fully initialized.
   : io.dmem.memwrite &lt;= VOID
firrtl.passes.CheckInitialization$RefNotInitializedException:  : [module PipelinedCPUBP]  Reference io is not fully initialized.
   : io.dmem.sext &lt;= VOID
firrtl.passes.CheckInitialization$RefNotInitializedException:  : [module PipelinedCPUBP]  Reference io is not fully initialized.
   : io.dmem.memread &lt;= VOID
firrtl.passes.PassException: 9 errors detected!" type="firrtl.passes.PassExceptions">firrtl.passes.PassExceptions: 
firrtl.passes.CheckInitialization$RefNotInitializedException:  : [module PipelinedCPUBP]  Reference io is not fully initialized.
   : io.dmem.address &lt;= VOID
firrtl.passes.CheckInitialization$RefNotInitializedException:  : [module PipelinedCPUBP]  Reference io is not fully initialized.
   : io.dmem.maskmode &lt;= VOID
firrtl.passes.CheckInitialization$RefNotInitializedException:  : [module PipelinedCPUBP]  Reference io is not fully initialized.
   : io.dmem.valid &lt;= VOID
firrtl.passes.CheckInitialization$RefNotInitializedException:  : [module PipelinedCPUBP]  Reference io is not fully initialized.
   : io.imem.address &lt;= VOID
firrtl.passes.CheckInitialization$RefNotInitializedException:  : [module PipelinedCPUBP]  Reference io is not fully initialized.
   : io.dmem.writedata &lt;= VOID
firrtl.passes.CheckInitialization$RefNotInitializedException:  : [module PipelinedCPUBP]  Reference io is not fully initialized.
   : io.imem.valid &lt;= VOID
firrtl.passes.CheckInitialization$RefNotInitializedException:  : [module PipelinedCPUBP]  Reference io is not fully initialized.
   : io.dmem.memwrite &lt;= VOID
firrtl.passes.CheckInitialization$RefNotInitializedException:  : [module PipelinedCPUBP]  Reference io is not fully initialized.
   : io.dmem.sext &lt;= VOID
firrtl.passes.CheckInitialization$RefNotInitializedException:  : [module PipelinedCPUBP]  Reference io is not fully initialized.
   : io.dmem.memread &lt;= VOID
firrtl.passes.PassException: 9 errors detected!
</failure>
                                               </testcase><testcase classname="dinocpu.test.PipelinedBPTakenCPUTester" name="Pipelined CPU with always-taken branch predictor should run applications naturalsum" time="0.254">
                                                 <failure message="
firrtl.passes.CheckInitialization$RefNotInitializedException:  : [module PipelinedCPUBP]  Reference io is not fully initialized.
   : io.dmem.address &lt;= VOID
firrtl.passes.CheckInitialization$RefNotInitializedException:  : [module PipelinedCPUBP]  Reference io is not fully initialized.
   : io.dmem.maskmode &lt;= VOID
firrtl.passes.CheckInitialization$RefNotInitializedException:  : [module PipelinedCPUBP]  Reference io is not fully initialized.
   : io.dmem.valid &lt;= VOID
firrtl.passes.CheckInitialization$RefNotInitializedException:  : [module PipelinedCPUBP]  Reference io is not fully initialized.
   : io.imem.address &lt;= VOID
firrtl.passes.CheckInitialization$RefNotInitializedException:  : [module PipelinedCPUBP]  Reference io is not fully initialized.
   : io.dmem.writedata &lt;= VOID
firrtl.passes.CheckInitialization$RefNotInitializedException:  : [module PipelinedCPUBP]  Reference io is not fully initialized.
   : io.imem.valid &lt;= VOID
firrtl.passes.CheckInitialization$RefNotInitializedException:  : [module PipelinedCPUBP]  Reference io is not fully initialized.
   : io.dmem.memwrite &lt;= VOID
firrtl.passes.CheckInitialization$RefNotInitializedException:  : [module PipelinedCPUBP]  Reference io is not fully initialized.
   : io.dmem.sext &lt;= VOID
firrtl.passes.CheckInitialization$RefNotInitializedException:  : [module PipelinedCPUBP]  Reference io is not fully initialized.
   : io.dmem.memread &lt;= VOID
firrtl.passes.PassException: 9 errors detected!" type="firrtl.passes.PassExceptions">firrtl.passes.PassExceptions: 
firrtl.passes.CheckInitialization$RefNotInitializedException:  : [module PipelinedCPUBP]  Reference io is not fully initialized.
   : io.dmem.address &lt;= VOID
firrtl.passes.CheckInitialization$RefNotInitializedException:  : [module PipelinedCPUBP]  Reference io is not fully initialized.
   : io.dmem.maskmode &lt;= VOID
firrtl.passes.CheckInitialization$RefNotInitializedException:  : [module PipelinedCPUBP]  Reference io is not fully initialized.
   : io.dmem.valid &lt;= VOID
firrtl.passes.CheckInitialization$RefNotInitializedException:  : [module PipelinedCPUBP]  Reference io is not fully initialized.
   : io.imem.address &lt;= VOID
firrtl.passes.CheckInitialization$RefNotInitializedException:  : [module PipelinedCPUBP]  Reference io is not fully initialized.
   : io.dmem.writedata &lt;= VOID
firrtl.passes.CheckInitialization$RefNotInitializedException:  : [module PipelinedCPUBP]  Reference io is not fully initialized.
   : io.imem.valid &lt;= VOID
firrtl.passes.CheckInitialization$RefNotInitializedException:  : [module PipelinedCPUBP]  Reference io is not fully initialized.
   : io.dmem.memwrite &lt;= VOID
firrtl.passes.CheckInitialization$RefNotInitializedException:  : [module PipelinedCPUBP]  Reference io is not fully initialized.
   : io.dmem.sext &lt;= VOID
firrtl.passes.CheckInitialization$RefNotInitializedException:  : [module PipelinedCPUBP]  Reference io is not fully initialized.
   : io.dmem.memread &lt;= VOID
firrtl.passes.PassException: 9 errors detected!
</failure>
                                               </testcase><testcase classname="dinocpu.test.PipelinedBPTakenCPUTester" name="Pipelined CPU with always-taken branch predictor should run applications multiplier" time="0.264">
                                                 <failure message="
firrtl.passes.CheckInitialization$RefNotInitializedException:  : [module PipelinedCPUBP]  Reference io is not fully initialized.
   : io.dmem.address &lt;= VOID
firrtl.passes.CheckInitialization$RefNotInitializedException:  : [module PipelinedCPUBP]  Reference io is not fully initialized.
   : io.dmem.maskmode &lt;= VOID
firrtl.passes.CheckInitialization$RefNotInitializedException:  : [module PipelinedCPUBP]  Reference io is not fully initialized.
   : io.dmem.valid &lt;= VOID
firrtl.passes.CheckInitialization$RefNotInitializedException:  : [module PipelinedCPUBP]  Reference io is not fully initialized.
   : io.imem.address &lt;= VOID
firrtl.passes.CheckInitialization$RefNotInitializedException:  : [module PipelinedCPUBP]  Reference io is not fully initialized.
   : io.dmem.writedata &lt;= VOID
firrtl.passes.CheckInitialization$RefNotInitializedException:  : [module PipelinedCPUBP]  Reference io is not fully initialized.
   : io.imem.valid &lt;= VOID
firrtl.passes.CheckInitialization$RefNotInitializedException:  : [module PipelinedCPUBP]  Reference io is not fully initialized.
   : io.dmem.memwrite &lt;= VOID
firrtl.passes.CheckInitialization$RefNotInitializedException:  : [module PipelinedCPUBP]  Reference io is not fully initialized.
   : io.dmem.sext &lt;= VOID
firrtl.passes.CheckInitialization$RefNotInitializedException:  : [module PipelinedCPUBP]  Reference io is not fully initialized.
   : io.dmem.memread &lt;= VOID
firrtl.passes.PassException: 9 errors detected!" type="firrtl.passes.PassExceptions">firrtl.passes.PassExceptions: 
firrtl.passes.CheckInitialization$RefNotInitializedException:  : [module PipelinedCPUBP]  Reference io is not fully initialized.
   : io.dmem.address &lt;= VOID
firrtl.passes.CheckInitialization$RefNotInitializedException:  : [module PipelinedCPUBP]  Reference io is not fully initialized.
   : io.dmem.maskmode &lt;= VOID
firrtl.passes.CheckInitialization$RefNotInitializedException:  : [module PipelinedCPUBP]  Reference io is not fully initialized.
   : io.dmem.valid &lt;= VOID
firrtl.passes.CheckInitialization$RefNotInitializedException:  : [module PipelinedCPUBP]  Reference io is not fully initialized.
   : io.imem.address &lt;= VOID
firrtl.passes.CheckInitialization$RefNotInitializedException:  : [module PipelinedCPUBP]  Reference io is not fully initialized.
   : io.dmem.writedata &lt;= VOID
firrtl.passes.CheckInitialization$RefNotInitializedException:  : [module PipelinedCPUBP]  Reference io is not fully initialized.
   : io.imem.valid &lt;= VOID
firrtl.passes.CheckInitialization$RefNotInitializedException:  : [module PipelinedCPUBP]  Reference io is not fully initialized.
   : io.dmem.memwrite &lt;= VOID
firrtl.passes.CheckInitialization$RefNotInitializedException:  : [module PipelinedCPUBP]  Reference io is not fully initialized.
   : io.dmem.sext &lt;= VOID
firrtl.passes.CheckInitialization$RefNotInitializedException:  : [module PipelinedCPUBP]  Reference io is not fully initialized.
   : io.dmem.memread &lt;= VOID
firrtl.passes.PassException: 9 errors detected!
</failure>
                                               </testcase><testcase classname="dinocpu.test.PipelinedBPTakenCPUTester" name="Pipelined CPU with always-taken branch predictor should run applications divider" time="0.266">
                                                 <failure message="
firrtl.passes.CheckInitialization$RefNotInitializedException:  : [module PipelinedCPUBP]  Reference io is not fully initialized.
   : io.dmem.address &lt;= VOID
firrtl.passes.CheckInitialization$RefNotInitializedException:  : [module PipelinedCPUBP]  Reference io is not fully initialized.
   : io.dmem.maskmode &lt;= VOID
firrtl.passes.CheckInitialization$RefNotInitializedException:  : [module PipelinedCPUBP]  Reference io is not fully initialized.
   : io.dmem.valid &lt;= VOID
firrtl.passes.CheckInitialization$RefNotInitializedException:  : [module PipelinedCPUBP]  Reference io is not fully initialized.
   : io.imem.address &lt;= VOID
firrtl.passes.CheckInitialization$RefNotInitializedException:  : [module PipelinedCPUBP]  Reference io is not fully initialized.
   : io.dmem.writedata &lt;= VOID
firrtl.passes.CheckInitialization$RefNotInitializedException:  : [module PipelinedCPUBP]  Reference io is not fully initialized.
   : io.imem.valid &lt;= VOID
firrtl.passes.CheckInitialization$RefNotInitializedException:  : [module PipelinedCPUBP]  Reference io is not fully initialized.
   : io.dmem.memwrite &lt;= VOID
firrtl.passes.CheckInitialization$RefNotInitializedException:  : [module PipelinedCPUBP]  Reference io is not fully initialized.
   : io.dmem.sext &lt;= VOID
firrtl.passes.CheckInitialization$RefNotInitializedException:  : [module PipelinedCPUBP]  Reference io is not fully initialized.
   : io.dmem.memread &lt;= VOID
firrtl.passes.PassException: 9 errors detected!" type="firrtl.passes.PassExceptions">firrtl.passes.PassExceptions: 
firrtl.passes.CheckInitialization$RefNotInitializedException:  : [module PipelinedCPUBP]  Reference io is not fully initialized.
   : io.dmem.address &lt;= VOID
firrtl.passes.CheckInitialization$RefNotInitializedException:  : [module PipelinedCPUBP]  Reference io is not fully initialized.
   : io.dmem.maskmode &lt;= VOID
firrtl.passes.CheckInitialization$RefNotInitializedException:  : [module PipelinedCPUBP]  Reference io is not fully initialized.
   : io.dmem.valid &lt;= VOID
firrtl.passes.CheckInitialization$RefNotInitializedException:  : [module PipelinedCPUBP]  Reference io is not fully initialized.
   : io.imem.address &lt;= VOID
firrtl.passes.CheckInitialization$RefNotInitializedException:  : [module PipelinedCPUBP]  Reference io is not fully initialized.
   : io.dmem.writedata &lt;= VOID
firrtl.passes.CheckInitialization$RefNotInitializedException:  : [module PipelinedCPUBP]  Reference io is not fully initialized.
   : io.imem.valid &lt;= VOID
firrtl.passes.CheckInitialization$RefNotInitializedException:  : [module PipelinedCPUBP]  Reference io is not fully initialized.
   : io.dmem.memwrite &lt;= VOID
firrtl.passes.CheckInitialization$RefNotInitializedException:  : [module PipelinedCPUBP]  Reference io is not fully initialized.
   : io.dmem.sext &lt;= VOID
firrtl.passes.CheckInitialization$RefNotInitializedException:  : [module PipelinedCPUBP]  Reference io is not fully initialized.
   : io.dmem.memread &lt;= VOID
firrtl.passes.PassException: 9 errors detected!
</failure>
                                               </testcase>
                     <system-out><![CDATA[]]></system-out>
                     <system-err><![CDATA[]]></system-err>
                   </testsuite>